2025-07-01 16:11:58 INFO  bot.core.util.DataUtils - Запущено в LOCAL
2025-07-01 16:11:58 INFO  bot.core.Main - Тестовый режим
2025-07-01 16:11:58 WARN  bot.core.Main - 123
2025-07-01 16:12:00 INFO  bot.core.Main - Бот запущен
2025-07-01 16:25:15 INFO  bot.core.util.DataUtils - Запущено в LOCAL
2025-07-01 16:25:15 INFO  bot.core.Main - Тестовый режим
2025-07-01 16:25:15 WARN  bot.core.Main - 123
2025-07-01 16:25:16 INFO  bot.core.Main - Бот запущен
2025-07-01 16:26:42 INFO  bot.core.util.DataUtils - Запущено в LOCAL
2025-07-01 16:26:42 INFO  bot.core.Main - Тестовый режим
2025-07-01 16:26:42 WARN  bot.core.Main - 123
2025-07-01 16:26:44 INFO  bot.core.Main - Бот запущен
2025-07-01 16:32:57 INFO  bot.core.util.DataUtils - Запущено в LOCAL
2025-07-01 16:32:57 INFO  bot.core.Main - Тестовый режим
2025-07-01 16:32:57 WARN  bot.core.Main - 123
2025-07-01 16:32:59 INFO  bot.core.Main - Бот запущен
2025-07-01 16:33:12 INFO  bot.core.PaymentBot - Получено новое сообщение от Tulasikl из Личных сообщений
2025-07-01 16:33:12 INFO  bot.core.PaymentBot - Запущен процессор class bot.core.control.messageProcessing.CommandMessageProcessor
2025-07-01 16:33:12 INFO  b.c.c.m.CommandMessageProcessor$CommandHandler - User 7066573077 use choose_course command
2025-07-01 16:33:52 INFO  bot.core.util.DataUtils - Запущено в LOCAL
2025-07-01 16:33:52 INFO  bot.core.Main - Тестовый режим
2025-07-01 16:33:52 WARN  bot.core.Main - 123
2025-07-01 16:33:54 INFO  bot.core.Main - Бот запущен
2025-07-01 16:33:54 INFO  bot.core.PaymentBot - Получено новое сообщение от Tulasikl из Личных сообщений
2025-07-01 16:33:54 INFO  bot.core.PaymentBot - Запущен процессор class bot.core.control.messageProcessing.CommandMessageProcessor
2025-07-01 16:33:54 INFO  b.c.c.m.CommandMessageProcessor$CommandHandler - User 7066573077 use choose_course command
2025-07-01 16:34:10 INFO  bot.core.PaymentBot - Запущен процессор class bot.core.control.messageProcessing.CallbackProcessor
2025-07-01 16:34:22 INFO  bot.core.PaymentBot - Запущен процессор class bot.core.control.messageProcessing.CallbackProcessor
2025-07-01 16:34:22 INFO  b.c.c.c.ChooseGroupHandler - User 7066573077 set group -1002683701775
2025-07-01 16:34:29 INFO  bot.core.PaymentBot - Получено новое сообщение от Tulasikl из Личных сообщений
2025-07-01 16:34:29 INFO  bot.core.PaymentBot - Запущен процессор class bot.core.control.messageProcessing.CommandMessageProcessor
2025-07-01 16:34:29 INFO  b.c.c.m.CommandMessageProcessor$CommandHandler - User 7066573077 use choose_course command
2025-07-01 16:34:31 INFO  bot.core.PaymentBot - Запущен процессор class bot.core.control.messageProcessing.CallbackProcessor
2025-07-01 16:34:35 INFO  bot.core.PaymentBot - Запущен процессор class bot.core.control.messageProcessing.CallbackProcessor
2025-07-01 16:34:35 INFO  b.c.c.c.ChooseGroupHandler - User 7066573077 set group -1002822306683
2025-07-01 16:34:40 INFO  bot.core.PaymentBot - Получено новое сообщение от Tulasikl из Личных сообщений
2025-07-01 16:34:40 INFO  bot.core.PaymentBot - Запущен процессор class bot.core.control.messageProcessing.CommandMessageProcessor
2025-07-01 16:34:40 INFO  b.c.c.m.CommandMessageProcessor$CommandHandler - User 7066573077 use set_tag command
2025-07-01 16:34:41 INFO  bot.core.PaymentBot - Запущен процессор class bot.core.control.messageProcessing.CallbackProcessor
2025-07-01 16:34:41 INFO  b.c.c.callbackHandlers.SetTagHandler - User 7066573077 set tag Второй поток
2025-07-01 16:35:55 INFO  bot.core.util.DataUtils - Запущено в LOCAL
2025-07-01 16:35:55 INFO  bot.core.Main - Тестовый режим
2025-07-01 16:35:55 WARN  bot.core.Main - 123
2025-07-01 16:35:56 INFO  bot.core.Main - Бот запущен
2025-07-01 16:36:01 INFO  bot.core.PaymentBot - Получено новое сообщение от Tulasikl из Личных сообщений
2025-07-01 16:36:01 INFO  b.c.c.m.CommandMessageProcessor$CommandHandler - User 7066573077 use start command
2025-07-01 16:36:25 INFO  b.c.c.c.ChooseGroupHandler - User 7066573077 set group -1002683701775
2025-07-01 16:37:46 INFO  bot.core.PaymentBot - Получено новое сообщение от SkorokhodRadharaman из Личных сообщений
2025-07-01 16:37:46 INFO  b.c.c.m.CommandMessageProcessor$CommandHandler - User 1144830564 use choose_course command
2025-07-01 16:41:08 INFO  bot.core.util.DataUtils - Запущено в LOCAL
2025-07-01 16:41:08 INFO  bot.core.Main - Тестовый режим
2025-07-01 16:41:08 WARN  bot.core.Main - 123
2025-07-01 16:41:10 INFO  bot.core.Main - Бот запущен
2025-07-01 16:41:25 INFO  bot.core.util.DataUtils - Запущено в LOCAL
2025-07-01 16:41:25 INFO  bot.core.Main - Тестовый режим
2025-07-01 16:41:25 WARN  bot.core.Main - 123
2025-07-01 16:41:26 INFO  bot.core.Main - Бот запущен
2025-07-01 16:41:29 INFO  bot.core.PaymentBot - Получено новое сообщение от SkorokhodRadharaman из Личных сообщений
2025-07-01 16:41:29 INFO  b.c.c.m.CommandMessageProcessor$CommandHandler - User 1144830564 use start command
2025-07-01 16:44:23 INFO  bot.core.util.DataUtils - Запущено в LOCAL
2025-07-01 16:44:23 INFO  bot.core.Main - Тестовый режим
2025-07-01 16:44:23 WARN  bot.core.Main - 123
2025-07-01 16:44:25 INFO  bot.core.Main - Бот запущен
2025-07-01 16:44:27 INFO  bot.core.PaymentBot - Получено новое сообщение от SkorokhodRadharaman из Личных сообщений
2025-07-01 16:44:27 INFO  b.c.c.m.CommandMessageProcessor$CommandHandler - User 1144830564 use menu command
2025-07-01 16:48:22 INFO  bot.core.util.DataUtils - Запущено в LOCAL
2025-07-01 16:48:22 INFO  bot.core.Main - Тестовый режим
2025-07-01 16:48:22 WARN  bot.core.Main - 123
2025-07-01 16:48:23 INFO  bot.core.Main - Бот запущен
2025-07-01 16:48:25 INFO  bot.core.PaymentBot - Получено новое сообщение от SkorokhodRadharaman из Личных сообщений
2025-07-01 16:48:25 INFO  b.c.c.m.CommandMessageProcessor$CommandHandler - User 1144830564 use menu command
2025-07-01 17:11:09 INFO  bot.core.util.DataUtils - Запущено в LOCAL
2025-07-01 17:11:09 INFO  bot.core.Main - Тестовый режим
2025-07-01 17:11:09 WARN  bot.core.Main - 123
2025-07-01 17:11:10 INFO  bot.core.Main - Бот запущен
2025-07-01 17:11:39 INFO  bot.core.util.DataUtils - Запущено в LOCAL
2025-07-01 17:11:39 INFO  bot.core.Main - Тестовый режим
2025-07-01 17:11:39 WARN  bot.core.Main - 123
2025-07-01 17:11:41 INFO  bot.core.Main - Бот запущен
2025-07-01 17:11:45 INFO  bot.core.PaymentBot - Получено новое сообщение от Tulasikl из Личных сообщений
2025-07-01 17:11:45 INFO  b.c.c.m.CommandMessageProcessor$CommandHandler - User 7066573077 use set_tag command
2025-07-01 17:11:50 INFO  b.c.c.callbackHandlers.SetTagHandler - User 7066573077 set tag Второй поток
2025-07-01 17:12:11 INFO  b.c.c.m.AddingInGroupMessageProcessor - Bot added to group: test
2025-07-01 17:12:11 INFO  bot.core.PaymentBot - Получено новое сообщение от Tulasikl из test
2025-07-01 17:12:15 INFO  b.c.c.m.AddingInGroupMessageProcessor - Bot added to group: test
2025-07-01 17:12:33 INFO  bot.core.PaymentBot - Получено новое сообщение от Tulasikl из Личных сообщений
2025-07-01 17:12:33 INFO  b.c.c.m.CommandMessageProcessor$CommandHandler - User 7066573077 use choose_course command
2025-07-01 17:12:38 INFO  bot.core.PaymentBot - Получено новое сообщение от Tulasikl из Личных сообщений
2025-07-01 17:12:38 INFO  b.c.c.m.CommandMessageProcessor$CommandHandler - User 7066573077 use del command
2025-07-01 17:12:41 INFO  bot.core.util.DataUtils - Группа test удалена из списка
2025-07-01 17:12:42 INFO  bot.core.PaymentBot - Получено новое сообщение от harmoniousNutritionBot из test
2025-07-01 17:12:44 INFO  bot.core.PaymentBot - Получено новое сообщение от Tulasikl из Личных сообщений
2025-07-01 17:12:44 INFO  b.c.c.m.CommandMessageProcessor$CommandHandler - User 7066573077 use choose_course command
2025-07-01 17:12:46 INFO  bot.core.util.ChatUtils - Бот не адмистратор в группе -4216898228
2025-07-01 17:12:48 INFO  bot.core.PaymentBot - Получено новое сообщение от Tulasikl из Личных сообщений
2025-07-01 17:12:48 INFO  b.c.c.m.CommandMessageProcessor$CommandHandler - User 7066573077 use del command
2025-07-01 17:12:49 INFO  bot.core.util.ChatUtils - Бот не адмистратор в группе -4216898228
2025-07-01 17:12:50 INFO  bot.core.util.DataUtils - Группа test удалена из списка
2025-07-01 17:15:38 INFO  bot.core.util.DataUtils - Запущено в LOCAL
2025-07-01 17:15:38 INFO  bot.core.Main - Тестовый режим
2025-07-01 17:15:38 WARN  bot.core.Main - 123
2025-07-01 17:15:40 INFO  bot.core.Main - Бот запущен
2025-07-01 17:15:50 INFO  bot.core.PaymentBot - Получено новое сообщение от Tulasikl из test
2025-07-01 17:15:56 INFO  b.c.c.m.AddingInGroupMessageProcessor - Bot added to group: test
2025-07-01 17:16:16 INFO  bot.core.PaymentBot - Получено новое сообщение от Tulasikl из Личных сообщений
2025-07-01 17:16:16 INFO  b.c.c.m.CommandMessageProcessor$CommandHandler - User 7066573077 use choose_course command
2025-07-01 17:16:21 INFO  bot.core.PaymentBot - Получено новое сообщение от Tulasikl из Личных сообщений
2025-07-01 17:16:21 INFO  b.c.c.m.CommandMessageProcessor$CommandHandler - User 7066573077 use choose_course command
2025-07-01 17:16:41 INFO  bot.core.util.DataUtils - Запущено в LOCAL
2025-07-01 17:16:41 INFO  bot.core.Main - Тестовый режим
2025-07-01 17:16:41 WARN  bot.core.Main - 123
2025-07-01 17:16:42 INFO  bot.core.Main - Бот запущен
2025-07-01 17:17:46 INFO  bot.core.PaymentBot - Получено новое сообщение от Tulasikl из Личных сообщений
2025-07-01 17:17:46 INFO  b.c.c.m.CommandMessageProcessor$CommandHandler - User 7066573077 use menu command
2025-07-01 21:17:35 INFO  bot.core.util.DataUtils - Запущено в LOCAL
2025-07-01 21:17:36 INFO  bot.core.Main - Тестовый режим
2025-07-01 21:17:36 WARN  bot.core.Main - 123
2025-07-01 21:17:37 INFO  bot.core.Main - Бот запущен
2025-07-01 21:18:18 INFO  bot.core.PaymentBot - Получено новое сообщение от GangaDatta из Личных сообщений
2025-07-01 21:18:18 INFO  b.c.c.m.CommandMessageProcessor$CommandHandler - User 479530347 use start command
2025-07-01 21:18:28 INFO  bot.core.PaymentBot - Получено новое сообщение от SkorokhodRadharaman из Личных сообщений
2025-07-01 21:18:28 INFO  b.c.c.m.CommandMessageProcessor$CommandHandler - User 1144830564 use menu command
2025-07-01 21:22:00 INFO  bot.core.PaymentBot - Получено новое сообщение от GangaDatta из Личных сообщений
2025-07-01 21:22:00 INFO  b.c.c.m.CommandMessageProcessor$CommandHandler - User 479530347 use menu command
2025-07-01 21:23:31 INFO  b.c.c.c.ChooseGroupHandler - User 479530347 set group -1002822306683
2025-07-01 21:23:32 WARN  b.c.c.c.ChooseTagHandler - Вызов getTaggedGroupKeyboard без доступных групп
2025-07-01 21:28:01 INFO  bot.core.PaymentBot - Получено новое сообщение от Tulasikl из Личных сообщений
2025-07-01 21:28:01 INFO  b.c.c.m.CommandMessageProcessor$CommandHandler - User 7066573077 use set_tag command
2025-07-01 21:28:07 INFO  b.c.c.callbackHandlers.SetTagHandler - User 7066573077 set tag Второй поток
2025-07-01 21:28:44 INFO  bot.core.PaymentBot - Получено новое сообщение от Tulasikl из Личных сообщений
2025-07-01 21:28:44 INFO  b.c.c.m.CommandMessageProcessor$CommandHandler - User 7066573077 use add_tag command
2025-07-01 21:30:08 INFO  bot.core.PaymentBot - Получено новое сообщение от Tulasikl из Личных сообщений
2025-07-01 21:30:08 INFO  b.c.c.m.CommandMessageProcessor$CommandHandler - User 7066573077 use set_tag command
2025-07-01 21:30:09 INFO  b.c.c.callbackHandlers.SetTagHandler - User 7066573077 set tag Второй поток
2025-07-01 21:32:31 INFO  bot.core.PaymentBot - Получено новое сообщение от Tulasikl из Личных сообщений
2025-07-01 21:32:31 INFO  b.c.c.m.CommandMessageProcessor$CommandHandler - User 7066573077 use say command
2025-07-01 21:32:57 INFO  bot.core.PaymentBot - Получено новое сообщение от Tulasikl из Личных сообщений
2025-07-01 21:32:57 INFO  b.c.c.m.CommandMessageProcessor$CommandHandler - User 7066573077 use say command
2025-07-01 21:32:57 INFO  b.c.c.m.CommandMessageProcessor$CommandHandler - Admin 7066573077 use say command to @GangaDatta
2025-07-01 22:51:52 INFO  bot.core.util.DataUtils - Запущено в LOCAL
2025-07-01 22:51:52 INFO  bot.core.Main - Тестовый режим
2025-07-01 22:51:52 WARN  bot.core.Main - 123
2025-07-01 22:51:53 INFO  bot.core.Main - Бот запущен
2025-07-01 22:51:54 ERROR b.c.c.m.CallbackProcessor - Ошибка при отправке ответа на CallbackQuery
org.telegram.telegrambots.meta.exceptions.TelegramApiRequestException: Error executing org.telegram.telegrambots.meta.api.methods.AnswerCallbackQuery query: [400] Bad Request: query is too old and response timeout expired or query ID is invalid
	at org.telegram.telegrambots.meta.api.methods.PartialBotApiMethod.deserializeResponseInternal(PartialBotApiMethod.java:54)
	at org.telegram.telegrambots.meta.api.methods.PartialBotApiMethod.deserializeResponse(PartialBotApiMethod.java:34)
	at org.telegram.telegrambots.meta.api.methods.botapimethods.BotApiMethodBoolean.deserializeResponse(BotApiMethodBoolean.java:19)
	at org.telegram.telegrambots.meta.api.methods.botapimethods.BotApiMethodBoolean.deserializeResponse(BotApiMethodBoolean.java:14)
	at org.telegram.telegrambots.bots.DefaultAbsSender.sendApiMethod(DefaultAbsSender.java:1115)
	at org.telegram.telegrambots.meta.bots.AbsSender.execute(AbsSender.java:64)
	at bot.core.control.messageProcessing.CallbackProcessor.handleCallbackQuery(CallbackProcessor.java:76)
	at bot.core.control.messageProcessing.CallbackProcessor.process(CallbackProcessor.java:25)
	at bot.core.PaymentBot.onUpdateReceived(PaymentBot.java:53)
	at java.base/java.util.ArrayList.forEach(ArrayList.java:1597)
	at org.telegram.telegrambots.meta.generics.LongPollingBot.onUpdatesReceived(LongPollingBot.java:27)
	at org.telegram.telegrambots.updatesreceivers.DefaultBotSession$HandlerThread.run(DefaultBotSession.java:312)
2025-07-01 22:51:55 ERROR b.c.c.m.CallbackProcessor - Ошибка при отправке ответа на CallbackQuery
org.telegram.telegrambots.meta.exceptions.TelegramApiRequestException: Error executing org.telegram.telegrambots.meta.api.methods.AnswerCallbackQuery query: [400] Bad Request: query is too old and response timeout expired or query ID is invalid
	at org.telegram.telegrambots.meta.api.methods.PartialBotApiMethod.deserializeResponseInternal(PartialBotApiMethod.java:54)
	at org.telegram.telegrambots.meta.api.methods.PartialBotApiMethod.deserializeResponse(PartialBotApiMethod.java:34)
	at org.telegram.telegrambots.meta.api.methods.botapimethods.BotApiMethodBoolean.deserializeResponse(BotApiMethodBoolean.java:19)
	at org.telegram.telegrambots.meta.api.methods.botapimethods.BotApiMethodBoolean.deserializeResponse(BotApiMethodBoolean.java:14)
	at org.telegram.telegrambots.bots.DefaultAbsSender.sendApiMethod(DefaultAbsSender.java:1115)
	at org.telegram.telegrambots.meta.bots.AbsSender.execute(AbsSender.java:64)
	at bot.core.control.messageProcessing.CallbackProcessor.handleCallbackQuery(CallbackProcessor.java:76)
	at bot.core.control.messageProcessing.CallbackProcessor.process(CallbackProcessor.java:25)
	at bot.core.PaymentBot.onUpdateReceived(PaymentBot.java:53)
	at java.base/java.util.ArrayList.forEach(ArrayList.java:1597)
	at org.telegram.telegrambots.meta.generics.LongPollingBot.onUpdatesReceived(LongPollingBot.java:27)
	at org.telegram.telegrambots.updatesreceivers.DefaultBotSession$HandlerThread.run(DefaultBotSession.java:312)
2025-07-01 22:51:55 ERROR b.c.c.m.CallbackProcessor - Ошибка при отправке ответа на CallbackQuery
org.telegram.telegrambots.meta.exceptions.TelegramApiRequestException: Error executing org.telegram.telegrambots.meta.api.methods.AnswerCallbackQuery query: [400] Bad Request: query is too old and response timeout expired or query ID is invalid
	at org.telegram.telegrambots.meta.api.methods.PartialBotApiMethod.deserializeResponseInternal(PartialBotApiMethod.java:54)
	at org.telegram.telegrambots.meta.api.methods.PartialBotApiMethod.deserializeResponse(PartialBotApiMethod.java:34)
	at org.telegram.telegrambots.meta.api.methods.botapimethods.BotApiMethodBoolean.deserializeResponse(BotApiMethodBoolean.java:19)
	at org.telegram.telegrambots.meta.api.methods.botapimethods.BotApiMethodBoolean.deserializeResponse(BotApiMethodBoolean.java:14)
	at org.telegram.telegrambots.bots.DefaultAbsSender.sendApiMethod(DefaultAbsSender.java:1115)
	at org.telegram.telegrambots.meta.bots.AbsSender.execute(AbsSender.java:64)
	at bot.core.control.messageProcessing.CallbackProcessor.handleCallbackQuery(CallbackProcessor.java:76)
	at bot.core.control.messageProcessing.CallbackProcessor.process(CallbackProcessor.java:25)
	at bot.core.PaymentBot.onUpdateReceived(PaymentBot.java:53)
	at java.base/java.util.ArrayList.forEach(ArrayList.java:1597)
	at org.telegram.telegrambots.meta.generics.LongPollingBot.onUpdatesReceived(LongPollingBot.java:27)
	at org.telegram.telegrambots.updatesreceivers.DefaultBotSession$HandlerThread.run(DefaultBotSession.java:312)
2025-07-01 22:53:28 INFO  bot.core.PaymentBot - Получено новое сообщение от GangaDatta из Личных сообщений
2025-07-01 22:53:28 INFO  b.c.c.m.CommandMessageProcessor$CommandHandler - User 479530347 use menu command
2025-07-01 22:56:25 INFO  bot.core.PaymentBot - Получено новое сообщение от SkorokhodRadharaman из Личных сообщений
2025-07-01 22:56:25 INFO  b.c.c.m.CommandMessageProcessor$CommandHandler - User 1144830564 use choose_course command
2025-07-01 22:56:30 INFO  b.c.c.c.ChooseGroupHandler - User 1144830564 set group -1002683701775
2025-07-01 22:56:37 INFO  bot.core.PaymentBot - Получено новое сообщение от SkorokhodRadharaman из Личных сообщений
2025-07-01 22:56:37 INFO  b.c.c.m.CommandMessageProcessor$CommandHandler - User 1144830564 use menu command
2025-07-01 22:59:20 INFO  bot.core.PaymentBot - Получено новое сообщение от Tulasikl из Личных сообщений
2025-07-01 22:59:20 INFO  b.c.c.m.CommandMessageProcessor$CommandHandler - User 7066573077 use set_tag command
2025-07-01 22:59:21 INFO  b.c.c.callbackHandlers.SetTagHandler - User 7066573077 set tag Второй поток
2025-07-01 23:24:08 INFO  bot.core.util.DataUtils - Запущено в LOCAL
2025-07-01 23:24:08 INFO  bot.core.Main - Тестовый режим
2025-07-01 23:24:08 WARN  bot.core.Main - 123
2025-07-01 23:24:10 INFO  bot.core.Main - Бот запущен
2025-07-01 23:24:36 INFO  bot.core.PaymentBot - Получено новое сообщение от Tulasikl из Личных сообщений
2025-07-01 23:24:36 INFO  b.c.c.m.CommandMessageProcessor$CommandHandler - User 7066573077 send unknown command /addTag
2025-07-02 00:10:40 INFO  bot.core.util.DataUtils - Запущено в LOCAL
2025-07-02 00:10:40 INFO  bot.core.Main - Тестовый режим
2025-07-02 00:10:41 ERROR bot.core.PaymentBot - Error setting bot commands Error executing org.telegram.telegrambots.meta.api.methods.commands.SetMyCommands query: [400] Bad Request: BOT_COMMAND_INVALID
2025-07-02 00:10:41 INFO  bot.core.Main - Бот запущен
2025-07-02 00:10:43 INFO  bot.core.PaymentBot - Получено новое сообщение от Tulasikl из Личных сообщений
2025-07-02 00:10:43 INFO  b.c.c.m.CommandMessageProcessor$CommandHandler - User 7066573077 send unknown command /choose_course
2025-07-02 00:11:01 INFO  bot.core.util.DataUtils - Запущено в LOCAL
2025-07-02 00:11:01 INFO  bot.core.Main - Тестовый режим
2025-07-02 00:11:02 ERROR bot.core.PaymentBot - Error setting bot commands Error executing org.telegram.telegrambots.meta.api.methods.commands.SetMyCommands query: [400] Bad Request: BOT_COMMAND_INVALID
2025-07-02 00:11:02 INFO  bot.core.Main - Бот запущен
2025-07-02 00:13:15 INFO  bot.core.util.DataUtils - Запущено в LOCAL
2025-07-02 00:13:15 INFO  bot.core.Main - Тестовый режим
2025-07-02 00:14:06 ERROR bot.core.PaymentBot - Error setting bot commands Error executing org.telegram.telegrambots.meta.api.methods.commands.SetMyCommands query: [400] Bad Request: BOT_COMMAND_INVALID
2025-07-02 00:14:40 INFO  bot.core.util.DataUtils - Запущено в LOCAL
2025-07-02 00:14:40 INFO  bot.core.Main - Тестовый режим
2025-07-02 00:14:40 WARN  bot.core.Main - 123
2025-07-02 00:14:42 INFO  bot.core.Main - Бот запущен
2025-07-02 00:16:25 INFO  bot.core.util.DataUtils - Запущено в LOCAL
2025-07-02 00:16:25 INFO  bot.core.Main - Тестовый режим
2025-07-02 00:16:27 INFO  bot.core.Main - Бот запущен
2025-07-02 00:16:27 INFO  bot.core.PaymentBot - Получено новое сообщение от Tulasikl из Личных сообщений
2025-07-02 00:16:27 INFO  b.c.c.m.CommandMessageProcessor$CommandHandler - User 7066573077 use add_tag command
2025-07-02 00:17:17 INFO  bot.core.util.DataUtils - Запущено в LOCAL
2025-07-02 00:17:17 INFO  bot.core.Main - Тестовый режим
2025-07-02 00:17:18 INFO  bot.core.Main - Бот запущен
2025-07-02 00:17:21 INFO  bot.core.PaymentBot - Получено новое сообщение от Tulasikl из Личных сообщений
2025-07-02 00:17:21 INFO  b.c.c.m.CommandMessageProcessor$CommandHandler - User 7066573077 use set_tag command
2025-07-02 00:17:32 INFO  bot.core.PaymentBot - Получено новое сообщение от Tulasikl из Личных сообщений
2025-07-02 00:17:32 INFO  b.c.c.m.CommandMessageProcessor$CommandHandler - User 7066573077 use menu command
2025-07-02 00:17:55 INFO  bot.core.PaymentBot - Получено новое сообщение от SkorokhodRadharaman из Личных сообщений
2025-07-02 00:17:55 INFO  b.c.c.m.CommandMessageProcessor$CommandHandler - User 1144830564 use menu command
2025-07-02 00:30:21 INFO  b.c.c.c.ChooseGroupHandler - User 7066573077 set group -1002822306683
2025-07-02 01:13:54 INFO  bot.core.util.DataUtils - Запущено в LOCAL
2025-07-02 01:13:54 ERROR bot.core.util.DataUtils - Не удалось найти файл data/groupList.ser
2025-07-02 01:13:54 INFO  bot.core.Main - Тестовый режим
2025-07-02 01:13:56 INFO  bot.core.Main - Бот запущен
2025-07-02 01:14:01 INFO  bot.core.PaymentBot - Получено новое сообщение от Tulasikl из Личных сообщений
2025-07-02 01:14:01 INFO  b.c.c.m.CommandMessageProcessor$CommandHandler - User 7066573077 use choose_course command
2025-07-02 01:14:02 WARN  b.c.c.c.ChooseTagHandler - Вызов getTaggedGroupKeyboard без доступных групп
2025-07-02 01:14:13 INFO  b.c.c.m.AddingInGroupMessageProcessor - Попытка удалить несуществующую группу: testK
2025-07-02 01:14:23 INFO  b.c.c.m.AddingInGroupMessageProcessor - Bot added to group: testK
2025-07-02 01:15:08 INFO  bot.core.util.DataUtils - Запущено в LOCAL
2025-07-02 01:15:09 INFO  bot.core.Main - Тестовый режим
2025-07-02 01:15:10 INFO  bot.core.Main - Бот запущен
2025-07-02 01:32:09 INFO  bot.core.util.DataUtils - Запущено в LOCAL
2025-07-02 01:32:09 INFO  bot.core.Main - Тестовый режим
2025-07-02 01:32:11 INFO  bot.core.Main - Бот запущен
2025-07-02 01:32:17 INFO  bot.core.PaymentBot - Получено новое сообщение от Tulasikl из Личных сообщений
2025-07-02 01:32:17 INFO  b.c.c.m.CommandMessageProcessor$CommandHandler - User 7066573077 use choose_course command
2025-07-02 01:32:18 INFO  bot.core.util.ChatUtils - Бот не адмистратор в группе -1002694553645
2025-07-02 01:32:18 INFO  bot.core.util.ChatUtils - Бот не адмистратор в группе -1002664546928
2025-07-02 01:32:19 INFO  bot.core.util.ChatUtils - Бот не адмистратор в группе -1002665831242
2025-07-02 01:32:19 INFO  bot.core.util.ChatUtils - Бот не адмистратор в группе -1002692826863
2025-07-02 01:32:19 INFO  bot.core.util.ChatUtils - Бот не адмистратор в группе -1002691709838
2025-07-02 01:32:19 INFO  bot.core.util.ChatUtils - Бот не адмистратор в группе -1002723537707
2025-07-02 01:32:20 INFO  bot.core.util.ChatUtils - Бот не адмистратор в группе -1002760438191
2025-07-02 01:32:20 INFO  bot.core.util.ChatUtils - Бот не адмистратор в группе -1002561619118
2025-07-02 01:32:20 INFO  bot.core.util.ChatUtils - Бот не адмистратор в группе -1002719674917
2025-07-02 01:32:20 INFO  bot.core.util.ChatUtils - Бот не адмистратор в группе -1002763990480
2025-07-02 01:32:39 INFO  bot.core.util.DataUtils - Запущено в LOCAL
2025-07-02 01:32:39 INFO  bot.core.Main - Тестовый режим
2025-07-02 01:32:41 INFO  bot.core.Main - Бот запущен
2025-07-02 01:32:43 INFO  bot.core.util.ChatUtils - Бот не адмистратор в группе -1002694553645
2025-07-02 01:32:43 INFO  bot.core.util.ChatUtils - Бот не адмистратор в группе -1002664546928
2025-07-02 01:32:43 INFO  bot.core.util.ChatUtils - Бот не адмистратор в группе -1002665831242
2025-07-02 01:32:43 INFO  bot.core.util.ChatUtils - Бот не адмистратор в группе -1002692826863
2025-07-02 01:32:44 INFO  bot.core.util.ChatUtils - Бот не адмистратор в группе -1002691709838
2025-07-02 01:32:44 INFO  bot.core.util.ChatUtils - Бот не адмистратор в группе -1002723537707
2025-07-02 01:32:44 INFO  bot.core.util.ChatUtils - Бот не адмистратор в группе -1002760438191
2025-07-02 01:32:44 INFO  bot.core.util.ChatUtils - Бот не адмистратор в группе -1002561619118
2025-07-02 01:32:44 INFO  bot.core.util.ChatUtils - Бот не адмистратор в группе -1002719674917
2025-07-02 01:32:44 INFO  bot.core.util.ChatUtils - Бот не адмистратор в группе -1002763990480
2025-07-05 03:00:42 INFO  bot.core.util.DataUtils - Запущено в LOCAL
2025-07-05 03:00:42 INFO  bot.core.Main - Тестовый режим
2025-07-05 03:00:44 INFO  bot.core.Main - Бот запущен
2025-07-05 03:00:45 INFO  bot.core.PaymentBot - Получено новое сообщение от GroupAnonymousBot из Второй поток ОМОЛОЖЕНИЕ и БАЗОВЫЕ ОСНОВЫ АЮРВЕДЫ
2025-07-05 03:00:45 INFO  bot.core.PaymentBot - Получено новое сообщение от iandronova из Второй поток ОМОЛОЖЕНИЕ и БАЗОВЫЕ ОСНОВЫ АЮРВЕДЫ
2025-07-05 03:00:45 INFO  bot.core.PaymentBot - Получено новое сообщение от GroupAnonymousBot из Второй поток ОМОЛОЖЕНИЕ и БАЗОВЫЕ ОСНОВЫ АЮРВЕДЫ
2025-07-05 03:00:45 INFO  bot.core.PaymentBot - Получено новое сообщение от null из Второй поток ОМОЛОЖЕНИЕ и БАЗОВЫЕ ОСНОВЫ АЮРВЕДЫ
2025-07-05 03:00:45 INFO  bot.core.PaymentBot - Получено новое сообщение от olga_lemeshenko из Второй поток ОМОЛОЖЕНИЕ и БАЗОВЫЕ ОСНОВЫ АЮРВЕДЫ
2025-07-05 03:00:45 INFO  bot.core.PaymentBot - Получено новое сообщение от dinarakimovna из Второй поток ОМОЛОЖЕНИЕ и БАЗОВЫЕ ОСНОВЫ АЮРВЕДЫ
2025-07-05 03:00:45 INFO  bot.core.PaymentBot - Получено новое сообщение от premamayadevidasi из Второй поток ОМОЛОЖЕНИЕ и БАЗОВЫЕ ОСНОВЫ АЮРВЕДЫ
2025-07-05 03:00:45 INFO  bot.core.PaymentBot - Получено новое сообщение от iandronova из Второй поток ОМОЛОЖЕНИЕ и БАЗОВЫЕ ОСНОВЫ АЮРВЕДЫ
2025-07-05 03:00:45 INFO  bot.core.PaymentBot - Получено новое сообщение от GroupAnonymousBot из Второй поток ОМОЛОЖЕНИЕ и БАЗОВЫЕ ОСНОВЫ АЮРВЕДЫ
2025-07-05 03:00:45 INFO  bot.core.PaymentBot - Получено новое сообщение от GroupAnonymousBot из Второй поток ОМОЛОЖЕНИЕ и БАЗОВЫЕ ОСНОВЫ АЮРВЕДЫ
2025-07-05 03:00:45 INFO  bot.core.PaymentBot - Получено новое сообщение от anchonok25 из Второй поток ОМОЛОЖЕНИЕ и БАЗОВЫЕ ОСНОВЫ АЮРВЕДЫ
2025-07-05 03:00:45 INFO  bot.core.PaymentBot - Получено новое сообщение от null из Второй поток ОМОЛОЖЕНИЕ и БАЗОВЫЕ ОСНОВЫ АЮРВЕДЫ
2025-07-05 03:00:45 INFO  bot.core.PaymentBot - Получено новое сообщение от Elena_mazik из Второй поток ОМОЛОЖЕНИЕ и БАЗОВЫЕ ОСНОВЫ АЮРВЕДЫ
2025-07-05 03:00:45 INFO  bot.core.PaymentBot - Получено новое сообщение от GroupAnonymousBot из Второй поток ОМОЛОЖЕНИЕ и БАЗОВЫЕ ОСНОВЫ АЮРВЕДЫ
2025-07-05 03:00:45 INFO  bot.core.PaymentBot - Получено новое сообщение от null из Второй поток ОМОЛОЖЕНИЕ и БАЗОВЫЕ ОСНОВЫ АЮРВЕДЫ
2025-07-05 03:00:45 INFO  bot.core.PaymentBot - Получено новое сообщение от ElenaBaskelovich из Второй поток ОМОЛОЖЕНИЕ и БАЗОВЫЕ ОСНОВЫ АЮРВЕДЫ
2025-07-05 03:00:45 INFO  bot.core.PaymentBot - Получено новое сообщение от Irina_rostov777 из Второй поток ОМОЛОЖЕНИЕ и БАЗОВЫЕ ОСНОВЫ АЮРВЕДЫ
2025-07-05 03:00:45 INFO  bot.core.PaymentBot - Получено новое сообщение от yanakosm1 из Второй поток ОМОЛОЖЕНИЕ и БАЗОВЫЕ ОСНОВЫ АЮРВЕДЫ
2025-07-05 03:00:45 INFO  bot.core.PaymentBot - Получено новое сообщение от null из Второй поток ОМОЛОЖЕНИЕ и БАЗОВЫЕ ОСНОВЫ АЮРВЕДЫ
2025-07-05 03:00:45 INFO  bot.core.PaymentBot - Получено новое сообщение от JannaPisannaya из Второй поток ОМОЛОЖЕНИЕ и БАЗОВЫЕ ОСНОВЫ АЮРВЕДЫ
2025-07-05 03:00:45 INFO  bot.core.PaymentBot - Получено новое сообщение от null из Второй поток ОМОЛОЖЕНИЕ и БАЗОВЫЕ ОСНОВЫ АЮРВЕДЫ
2025-07-05 03:00:45 INFO  bot.core.PaymentBot - Получено новое сообщение от Lenusyenok из Второй поток ОМОЛОЖЕНИЕ и БАЗОВЫЕ ОСНОВЫ АЮРВЕДЫ
2025-07-05 03:00:45 INFO  bot.core.PaymentBot - Получено новое сообщение от Tolora8 из Второй поток ОМОЛОЖЕНИЕ и БАЗОВЫЕ ОСНОВЫ АЮРВЕДЫ
2025-07-05 03:00:45 INFO  bot.core.PaymentBot - Получено новое сообщение от veronika_dok из Второй поток ОМОЛОЖЕНИЕ и БАЗОВЫЕ ОСНОВЫ АЮРВЕДЫ
2025-07-05 03:00:45 INFO  bot.core.PaymentBot - Получено новое сообщение от Induvati из Второй поток ОМОЛОЖЕНИЕ и БАЗОВЫЕ ОСНОВЫ АЮРВЕДЫ
2025-07-05 03:00:45 INFO  bot.core.PaymentBot - Получено новое сообщение от slawaanna21 из Второй поток ОМОЛОЖЕНИЕ и БАЗОВЫЕ ОСНОВЫ АЮРВЕДЫ
2025-07-05 03:00:45 INFO  bot.core.PaymentBot - Получено новое сообщение от null из Второй поток ОМОЛОЖЕНИЕ и БАЗОВЫЕ ОСНОВЫ АЮРВЕДЫ
2025-07-05 03:00:45 INFO  bot.core.PaymentBot - Получено новое сообщение от GroupAnonymousBot из Второй поток ОМОЛОЖЕНИЕ и БАЗОВЫЕ ОСНОВЫ АЮРВЕДЫ
2025-07-08 12:48:37 INFO  bot.core.util.DataUtils - Запущено в LOCAL
2025-07-08 12:48:37 INFO  bot.core.Main - Тестовый режим
2025-07-08 12:48:39 INFO  bot.core.Main - Бот запущен
2025-07-08 12:48:58 INFO  b.c.c.m.CommandMessageProcessor$CommandHandler - User 7066573077 use choose_course command
2025-07-08 12:49:04 INFO  bot.core.util.ChatUtils - Бот не адмистратор в группе -1002694553645
2025-07-08 12:49:04 INFO  bot.core.util.ChatUtils - Бот не адмистратор в группе -1002664546928
2025-07-08 12:49:04 INFO  bot.core.util.ChatUtils - Бот не адмистратор в группе -1002665831242
2025-07-08 12:49:04 INFO  bot.core.util.ChatUtils - Бот не адмистратор в группе -1002692826863
2025-07-08 12:49:05 INFO  bot.core.util.ChatUtils - Бот не адмистратор в группе -1002691709838
2025-07-08 12:49:05 INFO  bot.core.util.ChatUtils - Бот не адмистратор в группе -1002723537707
2025-07-08 12:49:05 INFO  bot.core.util.ChatUtils - Бот не адмистратор в группе -1002760438191
2025-07-08 12:49:06 INFO  bot.core.util.ChatUtils - Бот не адмистратор в группе -1002561619118
2025-07-08 12:49:06 INFO  bot.core.util.ChatUtils - Бот не адмистратор в группе -1002719674917
2025-07-08 12:49:07 INFO  bot.core.util.ChatUtils - Бот не адмистратор в группе -1002763990480
2025-07-08 12:50:27 INFO  bot.core.util.DataUtils - Запущено в LOCAL
2025-07-08 12:50:27 INFO  bot.core.Main - Тестовый режим
2025-07-08 12:50:29 INFO  bot.core.Main - Бот запущен
2025-07-08 12:50:36 INFO  bot.core.util.ChatUtils - Бот не адмистратор в группе -1002694553645
2025-07-08 12:50:36 INFO  bot.core.util.ChatUtils - Бот не адмистратор в группе -1002664546928
2025-07-08 12:50:36 INFO  bot.core.util.ChatUtils - Бот не адмистратор в группе -1002665831242
2025-07-08 12:50:36 INFO  bot.core.util.ChatUtils - Бот не адмистратор в группе -1002692826863
2025-07-08 12:50:36 INFO  bot.core.util.ChatUtils - Бот не адмистратор в группе -1002691709838
2025-07-08 12:50:37 INFO  bot.core.util.ChatUtils - Бот не адмистратор в группе -1002723537707
2025-07-08 12:50:37 INFO  bot.core.util.ChatUtils - Бот не адмистратор в группе -1002760438191
2025-07-08 12:50:37 INFO  bot.core.util.ChatUtils - Бот не адмистратор в группе -1002561619118
2025-07-08 12:50:37 INFO  bot.core.util.ChatUtils - Бот не адмистратор в группе -1002719674917
2025-07-08 12:50:37 INFO  bot.core.util.ChatUtils - Бот не адмистратор в группе -1002763990480
2025-07-08 12:50:47 INFO  bot.core.util.ChatUtils - Бот не адмистратор в группе -4903155423
2025-07-08 12:50:48 INFO  bot.core.util.ChatUtils - Бот не адмистратор в группе -4854734172
2025-07-08 12:50:48 INFO  bot.core.util.ChatUtils - Бот не адмистратор в группе -1002669448693
2025-07-08 12:50:48 INFO  bot.core.util.ChatUtils - Бот не адмистратор в группе -4871790529
2025-07-08 12:50:48 INFO  bot.core.util.ChatUtils - Бот не адмистратор в группе -4875558151
2025-07-08 12:50:49 INFO  bot.core.util.ChatUtils - Бот не адмистратор в группе -1002688403762
2025-07-08 12:50:49 INFO  bot.core.util.ChatUtils - Бот не адмистратор в группе -1002764225169
2025-07-08 12:50:49 INFO  bot.core.util.ChatUtils - Бот не адмистратор в группе -1002077329956
2025-07-08 12:50:49 INFO  bot.core.util.ChatUtils - Бот не адмистратор в группе -1002001861986
2025-07-08 12:50:50 INFO  bot.core.util.ChatUtils - Бот не адмистратор в группе -1001995307122
2025-07-08 12:50:50 INFO  bot.core.util.ChatUtils - Бот не адмистратор в группе -1002030870299
2025-07-08 12:50:50 INFO  bot.core.util.ChatUtils - Бот не адмистратор в группе -1002047805285
2025-07-08 12:50:50 INFO  bot.core.util.ChatUtils - Бот не адмистратор в группе -1002119787207
2025-07-08 12:50:50 INFO  bot.core.util.ChatUtils - Бот не адмистратор в группе -1002144257408
2025-07-08 12:50:51 INFO  bot.core.util.ChatUtils - Бот не адмистратор в группе -1001997994173
2025-07-08 12:50:51 INFO  bot.core.util.ChatUtils - Бот не адмистратор в группе -1002033020035
2025-07-08 12:50:51 INFO  bot.core.util.ChatUtils - Бот не адмистратор в группе -1002095784965
2025-07-08 12:50:52 INFO  bot.core.util.ChatUtils - Бот не адмистратор в группе -1002157918103
2025-07-08 12:50:52 INFO  bot.core.util.ChatUtils - Бот не адмистратор в группе -1002186153984
2025-07-08 12:50:52 INFO  bot.core.util.ChatUtils - Бот не адмистратор в группе -1002224159296
2025-07-08 12:50:52 INFO  bot.core.util.ChatUtils - Бот не адмистратор в группе -1002227179913
2025-07-08 12:50:53 INFO  bot.core.util.ChatUtils - Бот не адмистратор в группе -1002181576607
2025-07-08 12:50:53 INFO  bot.core.util.ChatUtils - Бот не адмистратор в группе -1002387434938
2025-07-08 12:50:54 INFO  bot.core.util.ChatUtils - Бот не адмистратор в группе -1002452600612
2025-07-08 12:50:54 INFO  bot.core.util.ChatUtils - Бот не адмистратор в группе -1002495761121
2025-07-08 12:50:54 INFO  bot.core.util.ChatUtils - Бот не адмистратор в группе -1002460418488
2025-07-08 12:50:54 INFO  bot.core.util.ChatUtils - Бот не адмистратор в группе -1002442841171
2025-07-08 12:50:54 INFO  bot.core.util.ChatUtils - Бот не адмистратор в группе -1002440051782
2025-07-08 12:50:54 INFO  bot.core.util.ChatUtils - Бот не адмистратор в группе -1002494349954
2025-07-08 12:50:55 INFO  bot.core.util.ChatUtils - Бот не адмистратор в группе -1002440209699
2025-07-08 12:50:55 INFO  bot.core.util.ChatUtils - Бот не адмистратор в группе -1002444502699
2025-07-08 12:50:55 INFO  bot.core.util.ChatUtils - Бот не адмистратор в группе -1002263608550
2025-07-08 12:50:56 INFO  bot.core.util.ChatUtils - Бот не адмистратор в группе -1002456004359
2025-07-08 12:50:56 INFO  bot.core.util.ChatUtils - Бот не адмистратор в группе -1002213212228
2025-07-08 12:50:56 INFO  bot.core.util.ChatUtils - Бот не адмистратор в группе -1002215593378
2025-07-08 12:50:56 INFO  bot.core.util.ChatUtils - Бот не адмистратор в группе -1002190153279
2025-07-08 12:50:56 INFO  bot.core.util.ChatUtils - Бот не адмистратор в группе -1002195363343
2025-07-08 12:50:57 INFO  bot.core.util.ChatUtils - Бот не адмистратор в группе -1002198337736
2025-07-08 12:50:57 INFO  bot.core.util.ChatUtils - Бот не адмистратор в группе -1002205827004
2025-07-08 12:50:58 INFO  bot.core.util.ChatUtils - Бот не адмистратор в группе -1002163955072
2025-07-08 12:50:58 INFO  bot.core.util.ChatUtils - Бот не адмистратор в группе -1002222315313
2025-07-08 12:50:58 INFO  bot.core.util.ChatUtils - Бот не адмистратор в группе -1002073688222
2025-07-08 12:51:35 ERROR b.c.c.m.CallbackProcessor - Unknown callback action rightArrow19
2025-07-08 12:51:35 ERROR b.c.c.m.CallbackProcessor - No handler for action rightArrow19
2025-07-08 12:52:34 INFO  bot.core.util.DataUtils - Запущено в LOCAL
2025-07-08 12:52:34 INFO  bot.core.Main - Тестовый режим
2025-07-08 12:52:36 INFO  bot.core.Main - Бот запущен
2025-07-08 12:52:40 ERROR b.c.c.m.CallbackProcessor - Unknown callback action rightArrow19
2025-07-08 12:52:40 ERROR b.c.c.m.CallbackProcessor - No handler for action rightArrow19
2025-07-08 12:52:47 INFO  b.c.c.m.CommandMessageProcessor$CommandHandler - User 7066573077 use choose_course command
2025-07-08 12:52:50 INFO  bot.core.util.ChatUtils - Бот не адмистратор в группе -4903155423
2025-07-08 12:52:50 INFO  bot.core.util.ChatUtils - Бот не адмистратор в группе -4854734172
2025-07-08 12:52:50 INFO  bot.core.util.ChatUtils - Бот не адмистратор в группе -1002669448693
2025-07-08 12:52:50 INFO  bot.core.util.ChatUtils - Бот не адмистратор в группе -4871790529
2025-07-08 12:52:50 INFO  bot.core.util.ChatUtils - Бот не адмистратор в группе -4875558151
2025-07-08 12:52:51 INFO  bot.core.util.ChatUtils - Бот не адмистратор в группе -1002688403762
2025-07-08 12:52:51 INFO  bot.core.util.ChatUtils - Бот не адмистратор в группе -1002764225169
2025-07-08 12:52:52 INFO  bot.core.util.ChatUtils - Бот не адмистратор в группе -1002077329956
2025-07-08 12:52:52 INFO  bot.core.util.ChatUtils - Бот не адмистратор в группе -1002001861986
2025-07-08 12:52:53 INFO  bot.core.util.ChatUtils - Бот не адмистратор в группе -1001995307122
2025-07-08 12:52:53 INFO  bot.core.util.ChatUtils - Бот не адмистратор в группе -1002030870299
2025-07-08 12:52:53 INFO  bot.core.util.ChatUtils - Бот не адмистратор в группе -1002047805285
2025-07-08 12:52:54 INFO  bot.core.util.ChatUtils - Бот не адмистратор в группе -1002119787207
2025-07-08 12:52:54 INFO  bot.core.util.ChatUtils - Бот не адмистратор в группе -1002144257408
2025-07-08 12:52:54 INFO  bot.core.util.ChatUtils - Бот не адмистратор в группе -1001997994173
2025-07-08 12:52:55 INFO  bot.core.util.ChatUtils - Бот не адмистратор в группе -1002033020035
2025-07-08 12:52:55 INFO  bot.core.util.ChatUtils - Бот не адмистратор в группе -1002095784965
2025-07-08 12:52:55 INFO  bot.core.util.ChatUtils - Бот не адмистратор в группе -1002157918103
2025-07-08 12:52:55 INFO  bot.core.util.ChatUtils - Бот не адмистратор в группе -1002186153984
2025-07-08 12:52:55 INFO  bot.core.util.ChatUtils - Бот не адмистратор в группе -1002224159296
2025-07-08 12:52:55 INFO  bot.core.util.ChatUtils - Бот не адмистратор в группе -1002227179913
2025-07-08 12:52:56 INFO  bot.core.util.ChatUtils - Бот не адмистратор в группе -1002181576607
2025-07-08 12:52:56 INFO  bot.core.util.ChatUtils - Бот не адмистратор в группе -1002387434938
2025-07-08 12:52:56 INFO  bot.core.util.ChatUtils - Бот не адмистратор в группе -1002452600612
2025-07-08 12:52:56 INFO  bot.core.util.ChatUtils - Бот не адмистратор в группе -1002495761121
2025-07-08 12:52:57 INFO  bot.core.util.ChatUtils - Бот не адмистратор в группе -1002460418488
2025-07-08 12:52:57 INFO  bot.core.util.ChatUtils - Бот не адмистратор в группе -1002442841171
2025-07-08 12:52:57 INFO  bot.core.util.ChatUtils - Бот не адмистратор в группе -1002440051782
2025-07-08 12:52:57 INFO  bot.core.util.ChatUtils - Бот не адмистратор в группе -1002494349954
2025-07-08 12:52:58 INFO  bot.core.util.ChatUtils - Бот не адмистратор в группе -1002440209699
2025-07-08 12:52:58 INFO  bot.core.util.ChatUtils - Бот не адмистратор в группе -1002444502699
2025-07-08 12:52:58 INFO  bot.core.util.ChatUtils - Бот не адмистратор в группе -1002263608550
2025-07-08 12:52:58 INFO  bot.core.util.ChatUtils - Бот не адмистратор в группе -1002456004359
2025-07-08 12:52:59 INFO  bot.core.util.ChatUtils - Бот не адмистратор в группе -1002213212228
2025-07-08 12:52:59 INFO  bot.core.util.ChatUtils - Бот не адмистратор в группе -1002215593378
2025-07-08 12:52:59 INFO  bot.core.util.ChatUtils - Бот не адмистратор в группе -1002190153279
2025-07-08 12:52:59 INFO  bot.core.util.ChatUtils - Бот не адмистратор в группе -1002195363343
2025-07-08 12:52:59 INFO  bot.core.util.ChatUtils - Бот не адмистратор в группе -1002198337736
2025-07-08 12:53:00 INFO  bot.core.util.ChatUtils - Бот не адмистратор в группе -1002205827004
2025-07-08 12:53:00 INFO  bot.core.util.ChatUtils - Бот не адмистратор в группе -1002163955072
2025-07-08 12:53:00 INFO  bot.core.util.ChatUtils - Бот не адмистратор в группе -1002222315313
2025-07-08 12:53:00 INFO  bot.core.util.ChatUtils - Бот не адмистратор в группе -1002073688222
2025-07-08 12:53:03 ERROR b.c.c.m.CallbackProcessor - No handler for action rightArrow
2025-07-08 12:54:16 INFO  bot.core.util.DataUtils - Запущено в LOCAL
2025-07-08 12:54:16 INFO  bot.core.Main - Тестовый режим
2025-07-08 12:54:20 INFO  bot.core.Main - Бот запущен
2025-07-08 12:54:21 INFO  bot.core.util.ChatUtils - Бот не адмистратор в группе -4903155423
2025-07-08 12:54:21 INFO  bot.core.util.ChatUtils - Бот не адмистратор в группе -4854734172
2025-07-08 12:54:21 INFO  bot.core.util.ChatUtils - Бот не адмистратор в группе -1002669448693
2025-07-08 12:54:22 INFO  bot.core.util.ChatUtils - Бот не адмистратор в группе -4871790529
2025-07-08 12:54:22 INFO  bot.core.util.ChatUtils - Бот не адмистратор в группе -4875558151
2025-07-08 12:54:22 INFO  bot.core.util.ChatUtils - Бот не адмистратор в группе -1002688403762
2025-07-08 12:54:22 INFO  bot.core.util.ChatUtils - Бот не адмистратор в группе -1002764225169
2025-07-08 12:54:22 INFO  bot.core.util.ChatUtils - Бот не адмистратор в группе -1002077329956
2025-07-08 12:54:22 INFO  bot.core.util.ChatUtils - Бот не адмистратор в группе -1002001861986
2025-07-08 12:54:22 INFO  bot.core.util.ChatUtils - Бот не адмистратор в группе -1001995307122
2025-07-08 12:54:23 INFO  bot.core.util.ChatUtils - Бот не адмистратор в группе -1002030870299
2025-07-08 12:54:24 INFO  bot.core.util.ChatUtils - Бот не адмистратор в группе -1002047805285
2025-07-08 12:54:24 INFO  bot.core.util.ChatUtils - Бот не адмистратор в группе -1002119787207
2025-07-08 12:54:24 INFO  bot.core.util.ChatUtils - Бот не адмистратор в группе -1002144257408
2025-07-08 12:54:24 INFO  bot.core.util.ChatUtils - Бот не адмистратор в группе -1001997994173
2025-07-08 12:54:25 INFO  bot.core.util.ChatUtils - Бот не адмистратор в группе -1002033020035
2025-07-08 12:54:25 INFO  bot.core.util.ChatUtils - Бот не адмистратор в группе -1002095784965
2025-07-08 12:54:25 INFO  bot.core.util.ChatUtils - Бот не адмистратор в группе -1002157918103
2025-07-08 12:54:25 INFO  bot.core.util.ChatUtils - Бот не адмистратор в группе -1002186153984
2025-07-08 12:54:25 INFO  bot.core.util.ChatUtils - Бот не адмистратор в группе -1002224159296
2025-07-08 12:54:26 INFO  bot.core.util.ChatUtils - Бот не адмистратор в группе -1002227179913
2025-07-08 12:54:26 INFO  bot.core.util.ChatUtils - Бот не адмистратор в группе -1002181576607
2025-07-08 12:54:26 INFO  bot.core.util.ChatUtils - Бот не адмистратор в группе -1002387434938
2025-07-08 12:54:26 INFO  bot.core.util.ChatUtils - Бот не адмистратор в группе -1002452600612
2025-07-08 12:54:26 INFO  bot.core.util.ChatUtils - Бот не адмистратор в группе -1002495761121
2025-07-08 12:54:26 INFO  bot.core.util.ChatUtils - Бот не адмистратор в группе -1002460418488
2025-07-08 12:54:27 INFO  bot.core.util.ChatUtils - Бот не адмистратор в группе -1002442841171
2025-07-08 12:54:27 INFO  bot.core.util.ChatUtils - Бот не адмистратор в группе -1002440051782
2025-07-08 12:54:27 INFO  bot.core.util.ChatUtils - Бот не адмистратор в группе -1002494349954
2025-07-08 12:54:27 INFO  bot.core.util.ChatUtils - Бот не адмистратор в группе -1002440209699
2025-07-08 12:54:27 INFO  bot.core.util.ChatUtils - Бот не адмистратор в группе -1002444502699
2025-07-08 12:54:27 INFO  bot.core.util.ChatUtils - Бот не адмистратор в группе -1002263608550
2025-07-08 12:54:27 INFO  bot.core.util.ChatUtils - Бот не адмистратор в группе -1002456004359
2025-07-08 12:54:28 INFO  bot.core.util.ChatUtils - Бот не адмистратор в группе -1002213212228
2025-07-08 12:54:28 INFO  bot.core.util.ChatUtils - Бот не адмистратор в группе -1002215593378
2025-07-08 12:54:28 INFO  bot.core.util.ChatUtils - Бот не адмистратор в группе -1002190153279
2025-07-08 12:54:28 INFO  bot.core.util.ChatUtils - Бот не адмистратор в группе -1002195363343
2025-07-08 12:54:29 INFO  bot.core.util.ChatUtils - Бот не адмистратор в группе -1002198337736
2025-07-08 12:54:29 INFO  bot.core.util.ChatUtils - Бот не адмистратор в группе -1002205827004
2025-07-08 12:54:30 INFO  bot.core.util.ChatUtils - Бот не адмистратор в группе -1002163955072
2025-07-08 12:54:31 INFO  bot.core.util.ChatUtils - Бот не адмистратор в группе -1002222315313
2025-07-08 12:54:31 INFO  bot.core.util.ChatUtils - Бот не адмистратор в группе -1002073688222
2025-07-08 12:54:37 INFO  bot.core.util.ChatUtils - Бот не адмистратор в группе -4903155423
2025-07-08 12:54:37 INFO  bot.core.util.ChatUtils - Бот не адмистратор в группе -4854734172
2025-07-08 12:54:38 INFO  bot.core.util.ChatUtils - Бот не адмистратор в группе -1002669448693
2025-07-08 12:54:38 INFO  bot.core.util.ChatUtils - Бот не адмистратор в группе -4871790529
2025-07-08 12:54:38 INFO  bot.core.util.ChatUtils - Бот не адмистратор в группе -4875558151
2025-07-08 12:54:38 INFO  bot.core.util.ChatUtils - Бот не адмистратор в группе -1002688403762
2025-07-08 12:54:38 INFO  bot.core.util.ChatUtils - Бот не адмистратор в группе -1002764225169
2025-07-08 12:54:38 INFO  bot.core.util.ChatUtils - Бот не адмистратор в группе -1002077329956
2025-07-08 12:54:38 INFO  bot.core.util.ChatUtils - Бот не адмистратор в группе -1002001861986
2025-07-08 12:54:39 INFO  bot.core.util.ChatUtils - Бот не адмистратор в группе -1001995307122
2025-07-08 12:54:39 INFO  bot.core.util.ChatUtils - Бот не адмистратор в группе -1002030870299
2025-07-08 12:54:39 INFO  bot.core.util.ChatUtils - Бот не адмистратор в группе -1002047805285
2025-07-08 12:54:39 INFO  bot.core.util.ChatUtils - Бот не адмистратор в группе -1002119787207
2025-07-08 12:54:40 INFO  bot.core.util.ChatUtils - Бот не адмистратор в группе -1002144257408
2025-07-08 12:54:40 INFO  bot.core.util.ChatUtils - Бот не адмистратор в группе -1001997994173
2025-07-08 12:54:40 INFO  bot.core.util.ChatUtils - Бот не адмистратор в группе -1002033020035
2025-07-08 12:54:40 INFO  bot.core.util.ChatUtils - Бот не адмистратор в группе -1002095784965
2025-07-08 12:54:40 INFO  bot.core.util.ChatUtils - Бот не адмистратор в группе -1002157918103
2025-07-08 12:54:40 INFO  bot.core.util.ChatUtils - Бот не адмистратор в группе -1002186153984
2025-07-08 12:54:40 INFO  bot.core.util.ChatUtils - Бот не адмистратор в группе -1002224159296
2025-07-08 12:54:40 INFO  bot.core.util.ChatUtils - Бот не адмистратор в группе -1002227179913
2025-07-08 12:54:41 INFO  bot.core.util.ChatUtils - Бот не адмистратор в группе -1002181576607
2025-07-08 12:54:41 INFO  bot.core.util.ChatUtils - Бот не адмистратор в группе -1002387434938
2025-07-08 12:54:41 INFO  bot.core.util.ChatUtils - Бот не адмистратор в группе -1002452600612
2025-07-08 12:54:43 INFO  bot.core.util.ChatUtils - Бот не адмистратор в группе -1002495761121
2025-07-08 12:54:43 INFO  bot.core.util.ChatUtils - Бот не адмистратор в группе -1002460418488
2025-07-08 12:54:43 INFO  bot.core.util.ChatUtils - Бот не адмистратор в группе -1002442841171
2025-07-08 12:54:43 INFO  bot.core.util.ChatUtils - Бот не адмистратор в группе -1002440051782
2025-07-08 12:54:44 INFO  bot.core.util.ChatUtils - Бот не адмистратор в группе -1002494349954
2025-07-08 12:54:44 INFO  bot.core.util.ChatUtils - Бот не адмистратор в группе -1002440209699
2025-07-08 12:54:44 INFO  bot.core.util.ChatUtils - Бот не адмистратор в группе -1002444502699
2025-07-08 12:54:44 INFO  bot.core.util.ChatUtils - Бот не адмистратор в группе -1002263608550
2025-07-08 12:54:44 INFO  bot.core.util.ChatUtils - Бот не адмистратор в группе -1002456004359
2025-07-08 12:54:45 INFO  bot.core.util.ChatUtils - Бот не адмистратор в группе -1002213212228
2025-07-08 12:54:45 INFO  bot.core.util.ChatUtils - Бот не адмистратор в группе -1002215593378
2025-07-08 12:54:45 INFO  bot.core.util.ChatUtils - Бот не адмистратор в группе -1002190153279
2025-07-08 12:54:45 INFO  bot.core.util.ChatUtils - Бот не адмистратор в группе -1002195363343
2025-07-08 12:54:45 INFO  bot.core.util.ChatUtils - Бот не адмистратор в группе -1002198337736
2025-07-08 12:54:45 INFO  bot.core.util.ChatUtils - Бот не адмистратор в группе -1002205827004
2025-07-08 12:54:46 INFO  bot.core.util.ChatUtils - Бот не адмистратор в группе -1002163955072
2025-07-08 12:54:46 INFO  bot.core.util.ChatUtils - Бот не адмистратор в группе -1002222315313
2025-07-08 12:54:46 INFO  bot.core.util.ChatUtils - Бот не адмистратор в группе -1002073688222
2025-07-08 13:46:26 INFO  bot.core.util.DataUtils - Запущено в LOCAL
2025-07-08 13:46:26 INFO  bot.core.Main - Тестовый режим
2025-07-08 13:46:28 INFO  bot.core.Main - Бот запущен
2025-07-08 13:46:37 INFO  b.c.c.m.CommandMessageProcessor$CommandHandler - User 7066573077 use choose_course command
2025-07-08 13:47:31 INFO  bot.core.util.DataUtils - Запущено в LOCAL
2025-07-08 13:47:31 INFO  bot.core.Main - Тестовый режим
2025-07-08 13:47:33 INFO  bot.core.Main - Бот запущен
2025-07-08 13:52:34 INFO  bot.core.util.DataUtils - Запущено в LOCAL
2025-07-08 13:52:34 INFO  bot.core.Main - Тестовый режим
2025-07-08 13:52:37 INFO  bot.core.Main - Бот запущен
2025-07-08 13:52:37 INFO  b.c.c.m.CommandMessageProcessor$CommandHandler - User 7066573077 use choose_course command
2025-07-08 13:54:11 INFO  bot.core.util.DataUtils - Запущено в LOCAL
2025-07-08 13:54:11 INFO  bot.core.Main - Тестовый режим
2025-07-08 13:54:15 INFO  bot.core.Main - Бот запущен
2025-07-08 13:54:22 INFO  b.c.c.c.ChooseGroupHandler - User 7066573077 set group -1001997994173
2025-07-08 14:01:48 INFO  b.c.c.m.CommandMessageProcessor$CommandHandler - User 7066573077 use menu command
2025-07-08 14:02:16 INFO  b.c.c.m.CommandMessageProcessor$CommandHandler - User 7066573077 use choose_course command
2025-07-08 14:03:45 INFO  bot.core.util.DataUtils - Запущено в LOCAL
2025-07-08 14:03:45 INFO  bot.core.Main - Тестовый режим
2025-07-08 14:03:47 INFO  bot.core.Main - Бот запущен
2025-07-08 14:04:06 INFO  bot.core.util.DataUtils - Запущено в LOCAL
2025-07-08 14:04:06 INFO  bot.core.Main - Тестовый режим
2025-07-08 14:04:10 INFO  bot.core.Main - Бот запущен
2025-07-08 14:04:42 INFO  bot.core.util.DataUtils - Запущено в LOCAL
2025-07-08 14:04:42 INFO  bot.core.Main - Тестовый режим
2025-07-08 14:04:45 INFO  bot.core.Main - Бот запущен
2025-07-08 14:43:31 INFO  bot.core.util.DataUtils - Запущено в LOCAL
2025-07-08 14:43:31 INFO  bot.core.Main - Тестовый режим
2025-07-08 14:43:32 INFO  bot.core.Main - Бот запущен
2025-07-08 14:44:13 INFO  b.c.c.m.CommandMessageProcessor$CommandHandler - User 7066573077 use choose_course command
2025-07-08 17:43:43 INFO  bot.core.util.DataUtils - Запущено в LOCAL
2025-07-08 17:43:43 INFO  bot.core.Main - Тестовый режим
2025-07-08 17:43:45 INFO  bot.core.Main - Бот запущен
2025-07-08 17:43:50 INFO  b.c.c.m.CommandMessageProcessor$CommandHandler - User 7066573077 use choose_course command
2025-07-08 17:48:46 INFO  b.c.c.m.CommandMessageProcessor$CommandHandler - User 7066573077 use edit_help command
2025-07-08 17:49:05 INFO  b.c.c.m.CommandMessageProcessor$CommandHandler - User 7066573077 use cancel command
2025-07-08 17:53:06 INFO  bot.core.util.DataUtils - Запущено в LOCAL
2025-07-08 17:53:06 INFO  bot.core.Main - Тестовый режим
2025-07-08 17:53:06 WARN  bot.core.Main - worn
2025-07-08 17:53:06 ERROR bot.core.Main - 1234
2025-07-08 17:53:08 INFO  bot.core.Main - Бот запущен
